25-May-2022 23:18:45.220 SEVERE [https-jsse-nio-8443-exec-10] org.apache.catalina.core.StandardWrapperValve.invoke Servlet.service() for servlet [jsp] in context with path [/ipaympi] threw exception [java.lang.RuntimeException: javax.naming.NamingException: Unexpected exception resolving reference [Root exception is java.sql.SQLException: Cannot load JDBC driver class 'com.mysql.jdbc.Driver']] with root cause
	java.lang.ClassNotFoundException: com.mysql.jdbc.Driver
		at org.apache.catalina.loader.WebappClassLoaderBase.loadClass(WebappClassLoaderBase.java:1412)
		at org.apache.catalina.loader.WebappClassLoaderBase.loadClass(WebappClassLoaderBase.java:1220)
		at org.apache.tomcat.dbcp.dbcp2.DriverFactory.createDriver(DriverFactory.java:48)
		at org.apache.tomcat.dbcp.dbcp2.BasicDataSource.createConnectionFactory(BasicDataSource.java:462)
		at org.apache.tomcat.dbcp.dbcp2.BasicDataSource.createDataSource(BasicDataSource.java:526)
		at org.apache.tomcat.dbcp.dbcp2.BasicDataSource.getLogWriter(BasicDataSource.java:1057)
		at org.apache.tomcat.dbcp.dbcp2.BasicDataSourceFactory.createDataSource(BasicDataSourceFactory.java:308)
		at org.apache.tomcat.dbcp.dbcp2.BasicDataSourceFactory.getObjectInstance(BasicDataSourceFactory.java:399)
		at org.apache.naming.factory.FactoryBase.getObjectInstance(FactoryBase.java:96)
		at javax.naming.spi.NamingManager.getObjectInstance(NamingManager.java:332)
		at org.apache.naming.NamingContext.lookup(NamingContext.java:864)
		at org.apache.naming.NamingContext.lookup(NamingContext.java:158)
		at org.apache.naming.NamingContext.lookup(NamingContext.java:850)
		at org.apache.naming.NamingContext.lookup(NamingContext.java:158)
		at org.apache.naming.NamingContext.lookup(NamingContext.java:850)
		at org.apache.naming.NamingContext.lookup(NamingContext.java:158)
		at org.apache.naming.NamingContext.lookup(NamingContext.java:850)
		at org.apache.naming.NamingContext.lookup(NamingContext.java:172)
		at org.apache.naming.SelectorContext.lookup(SelectorContext.java:161)
		at javax.naming.InitialContext.lookup(InitialContext.java:417)
		at com.a2zss.mpi.MPIExtIntService.init(MPIExtIntService.java:111)
		at org.apache.jsp.mpi_jsp.jspInit(mpi_jsp.java:30)
		at org.apache.jasper.runtime.HttpJspBase.init(HttpJspBase.java:48)
		at org.apache.jasper.servlet.JspServletWrapper.getServlet(JspServletWrapper.java:200)
		at org.apache.jasper.servlet.JspServletWrapper.service(JspServletWrapper.java:413)
		at org.apache.jasper.servlet.JspServlet.serviceJspFile(JspServlet.java:379)
		at org.apache.jasper.servlet.JspServlet.service(JspServlet.java:327)
		at javax.servlet.http.HttpServlet.service(HttpServlet.java:764)
		at org.apache.catalina.core.ApplicationFilterChain.internalDoFilter(ApplicationFilterChain.java:227)
		at org.apache.catalina.core.ApplicationFilterChain.doFilter(ApplicationFilterChain.java:162)
		at org.apache.tomcat.websocket.server.WsFilter.doFilter(WsFilter.java:53)
		at org.apache.catalina.core.ApplicationFilterChain.internalDoFilter(ApplicationFilterChain.java:189)
		at org.apache.catalina.core.ApplicationFilterChain.doFilter(ApplicationFilterChain.java:162)
		at org.apache.catalina.core.StandardWrapperValve.invoke(StandardWrapperValve.java:197)
		at org.apache.catalina.core.StandardContextValve.invoke(StandardContextValve.java:97)
		at org.apache.catalina.authenticator.AuthenticatorBase.invoke(AuthenticatorBase.java:541)
		at org.apache.catalina.core.StandardHostValve.invoke(StandardHostValve.java:135)
		at org.apache.catalina.valves.ErrorReportValve.invoke(ErrorReportValve.java:92)
		at org.apache.catalina.valves.AbstractAccessLogValve.invoke(AbstractAccessLogValve.java:687)
		at org.apache.catalina.core.StandardEngineValve.invoke(StandardEngineValve.java:78)
		at org.apache.catalina.connector.CoyoteAdapter.service(CoyoteAdapter.java:360)
		at org.apache.coyote.http11.Http11Processor.service(Http11Processor.java:399)
		at org.apache.coyote.AbstractProcessorLight.process(AbstractProcessorLight.java:65)
		at org.apache.coyote.AbstractProtocol$ConnectionHandler.process(AbstractProtocol.java:890)
		at org.apache.tomcat.util.net.NioEndpoint$SocketProcessor.doRun(NioEndpoint.java:1743)
		at org.apache.tomcat.util.net.SocketProcessorBase.run(SocketProcessorBase.java:49)
		at org.apache.tomcat.util.threads.ThreadPoolExecutor.runWorker(ThreadPoolExecutor.java:1191)
		at org.apache.tomcat.util.threads.ThreadPoolExecutor$Worker.run(ThreadPoolExecutor.java:659)
		at org.apache.tomcat.util.threads.TaskThread$WrappingRunnable.run(TaskThread.java:61)
		at java.lang.Thread.run(Thread.java:748)
25-May-2022 23:23:34.386 SEVERE [https-jsse-nio-8443-exec-4] org.apache.catalina.core.StandardWrapperValve.invoke Servlet.service() for servlet [jsp] in context with path [/ipaympi] threw exception [java.lang.RuntimeException: javax.naming.NamingException: Unexpected exception resolving reference [Root exception is java.sql.SQLException: Cannot load JDBC driver class 'com.mysql.jdbc.Driver']] with root cause
	java.lang.ClassNotFoundException: com.mysql.jdbc.Driver
		at org.apache.catalina.loader.WebappClassLoaderBase.loadClass(WebappClassLoaderBase.java:1412)
		at org.apache.catalina.loader.WebappClassLoaderBase.loadClass(WebappClassLoaderBase.java:1220)
		at org.apache.tomcat.dbcp.dbcp2.DriverFactory.createDriver(DriverFactory.java:48)
		at org.apache.tomcat.dbcp.dbcp2.BasicDataSource.createConnectionFactory(BasicDataSource.java:462)
		at org.apache.tomcat.dbcp.dbcp2.BasicDataSource.createDataSource(BasicDataSource.java:526)
		at org.apache.tomcat.dbcp.dbcp2.BasicDataSource.getLogWriter(BasicDataSource.java:1057)
		at org.apache.tomcat.dbcp.dbcp2.BasicDataSourceFactory.createDataSource(BasicDataSourceFactory.java:308)
		at org.apache.tomcat.dbcp.dbcp2.BasicDataSourceFactory.getObjectInstance(BasicDataSourceFactory.java:399)
		at org.apache.naming.factory.FactoryBase.getObjectInstance(FactoryBase.java:96)
		at javax.naming.spi.NamingManager.getObjectInstance(NamingManager.java:332)
		at org.apache.naming.NamingContext.lookup(NamingContext.java:864)
		at org.apache.naming.NamingContext.lookup(NamingContext.java:158)
		at org.apache.naming.NamingContext.lookup(NamingContext.java:850)
		at org.apache.naming.NamingContext.lookup(NamingContext.java:158)
		at org.apache.naming.NamingContext.lookup(NamingContext.java:850)
		at org.apache.naming.NamingContext.lookup(NamingContext.java:158)
		at org.apache.naming.NamingContext.lookup(NamingContext.java:850)
		at org.apache.naming.NamingContext.lookup(NamingContext.java:172)
		at org.apache.naming.SelectorContext.lookup(SelectorContext.java:161)
		at javax.naming.InitialContext.lookup(InitialContext.java:417)
		at com.a2zss.mpi.MPIExtIntService.init(MPIExtIntService.java:111)
		at org.apache.jsp.mpi_jsp.jspInit(mpi_jsp.java:30)
		at org.apache.jasper.runtime.HttpJspBase.init(HttpJspBase.java:48)
		at org.apache.jasper.servlet.JspServletWrapper.getServlet(JspServletWrapper.java:200)
		at org.apache.jasper.servlet.JspServletWrapper.service(JspServletWrapper.java:413)
		at org.apache.jasper.servlet.JspServlet.serviceJspFile(JspServlet.java:379)
		at org.apache.jasper.servlet.JspServlet.service(JspServlet.java:327)
		at javax.servlet.http.HttpServlet.service(HttpServlet.java:764)
		at org.apache.catalina.core.ApplicationFilterChain.internalDoFilter(ApplicationFilterChain.java:227)
		at org.apache.catalina.core.ApplicationFilterChain.doFilter(ApplicationFilterChain.java:162)
		at org.apache.tomcat.websocket.server.WsFilter.doFilter(WsFilter.java:53)
		at org.apache.catalina.core.ApplicationFilterChain.internalDoFilter(ApplicationFilterChain.java:189)
		at org.apache.catalina.core.ApplicationFilterChain.doFilter(ApplicationFilterChain.java:162)
		at org.apache.catalina.core.StandardWrapperValve.invoke(StandardWrapperValve.java:197)
		at org.apache.catalina.core.StandardContextValve.invoke(StandardContextValve.java:97)
		at org.apache.catalina.authenticator.AuthenticatorBase.invoke(AuthenticatorBase.java:541)
		at org.apache.catalina.core.StandardHostValve.invoke(StandardHostValve.java:135)
		at org.apache.catalina.valves.ErrorReportValve.invoke(ErrorReportValve.java:92)
		at org.apache.catalina.valves.AbstractAccessLogValve.invoke(AbstractAccessLogValve.java:687)
		at org.apache.catalina.core.StandardEngineValve.invoke(StandardEngineValve.java:78)
		at org.apache.catalina.connector.CoyoteAdapter.service(CoyoteAdapter.java:360)
		at org.apache.coyote.http11.Http11Processor.service(Http11Processor.java:399)
		at org.apache.coyote.AbstractProcessorLight.process(AbstractProcessorLight.java:65)
		at org.apache.coyote.AbstractProtocol$ConnectionHandler.process(AbstractProtocol.java:890)
		at org.apache.tomcat.util.net.NioEndpoint$SocketProcessor.doRun(NioEndpoint.java:1743)
		at org.apache.tomcat.util.net.SocketProcessorBase.run(SocketProcessorBase.java:49)
		at org.apache.tomcat.util.threads.ThreadPoolExecutor.runWorker(ThreadPoolExecutor.java:1191)
		at org.apache.tomcat.util.threads.ThreadPoolExecutor$Worker.run(ThreadPoolExecutor.java:659)
		at org.apache.tomcat.util.threads.TaskThread$WrappingRunnable.run(TaskThread.java:61)
		at java.lang.Thread.run(Thread.java:748)
